The ``3-say_my_name`` module
============================

Using ``say_my_name``
---------------------

This is a text file in reStructuredText format.
It contains a test for the say_my_name function in the 3-say_my_name module.
First import ``say_my_name`` from the ``3-say_my_name`` module:

    Test 00 Open 3-say_my_name
    >>> say_my_name = __import__('3-say_my_name').say_my_name

Now test:

    Test 01: Two strings
    >>> say_my_name("Bill", "Clinton")
    My name is Bill Clinton

    Test 02: Just first argument string
    >>> say_my_name("Monica") #doctest: +NORMALIZE_WHITESPACE
    My name is Monica

    Test 03: No arguments passed
    >>> say_my_name()
    Traceback (most recent call last):
    ...
    TypeError: say_my_name() missing 1 required positional argument: 'first_name'

    Test 04: Second argument is not a string
    >>> say_my_name("Kim", 69)
    Traceback (most recent call last):
    ...
    TypeError: last_name must be a string

    Test 05: First argument is not a string
    >>> say_my_name(13)
    Traceback (most recent call last):
    ...
    TypeError: first_name must be a string

    Test 06: First argument is None
    >>> say_my_name(None)
    Traceback (most recent call last):
    ...
    TypeError: first_name must be a string

    Test 07: Second argument is None
    >>> say_my_name("Pierre", None)
    Traceback (most recent call last):
    ...
    TypeError: last_name must be a string

    Test 08: Too many arguments
    >>> say_my_name("Alvaro", "Uribe", "Velez")
    Traceback (most recent call last):
    ...
    TypeError: say_my_name() takes from 1 to 2 positional arguments but 3 were given

    Test 09: First argument is a empty string
    >>> say_my_name("", "Bond")
    My name is  Bond

    Test 10: Two None strings
    >>> say_my_name(None, None)
    Traceback (most recent call last):
    ...
    TypeError: first_name must be a string

    Test 11: Two empty strings
    >>> say_my_name("", "")
    My name is  

    say_my_name(Beyonce)
    Traceback (most recent call last):
    ...
    NameError: name 'Beyonce' is not defined
